#
# A fatal error has been detected by the Java Runtime Environment:
#
#  SIGSEGV (0xb) at pc=0x0000000105137dd0, pid=4987, tid=0x0000000000002803
#
# JRE version: Java(TM) SE Runtime Environment (8.0_181-b13) (build 1.8.0_181-b13)
# Java VM: Java HotSpot(TM) 64-Bit Server VM (25.181-b13 mixed mode bsd-amd64 compressed oops)
# Problematic frame:
# V  [libjvm.dylib+0x537dd0]
#
# Failed to write core dump. Core dumps have been disabled. To enable core dumping, try "ulimit -c unlimited" before starting Java again
#
# If you would like to submit a bug report, please visit:
#   http://bugreport.java.com/bugreport/crash.jsp
#

---------------  T H R E A D  ---------------

Current thread (0x00007ff771801000):  JavaThread "main" [_thread_in_vm, id=10243, stack(0x000070000b1fa000,0x000070000b2fa000)]

siginfo: si_signo: 11 (SIGSEGV), si_code: 0 (unknown), si_addr: 0x0000000000000000

Registers:
RAX=0x00000000000003d8, RBX=0x000070000b2f8d24, RCX=0x00007ff76e4025d8, RDX=0x0000000100000000
RSP=0x000070000b2f8d00, RBP=0x000070000b2f8d10, RSI=0x000070000b2f8d24, RDI=0x0006000900000006
R8 =0x00000000003305b9, R9 =0x00000000d88fbe90, R10=0x0000000108631a5c, R11=0x00000001050e8867
R12=0x00007ff76e400ab0, R13=0x0000000107929a88, R14=0x0000000000000000, R15=0x00000007c00fbe98
RIP=0x0000000105137dd0, EFLAGS=0x0000000000010206, ERR=0x0000000000000000
  TRAPNO=0x000000000000000d

Top of Stack: (sp=0x000070000b2f8d00)
0x000070000b2f8d00:   00007ff771801000 0000000000000000
0x000070000b2f8d10:   000070000b2f8d60 0000000105138f51
0x000070000b2f8d20:   000000046e4021f0 00007ff76e401a40
0x000070000b2f8d30:   00007ff76e4021f0 00007ff76e402210
0x000070000b2f8d40:   00007ff76e4025d8 00000000000003d8
0x000070000b2f8d50:   00007ff771801000 0000000000000000
0x000070000b2f8d60:   000070000b2f8dd0 0000000104ef4f78
0x000070000b2f8d70:   0000000200000000 0000000c0000000d
0x000070000b2f8d80:   00007ff76e401a40 00007ff76e4021f0
0x000070000b2f8d90:   00007ff76e402200 00007ff76e4025d8
0x000070000b2f8da0:   00000000000003d8 0000000000000002
0x000070000b2f8db0:   000000000000000c 000000076ae85d48
0x000070000b2f8dc0:   00007ff771801000 00000000000c0000
0x000070000b2f8dd0:   000070000b2f8e40 0000000104ef527f
0x000070000b2f8de0:   0000000e71801000 0000000d07537f78
0x000070000b2f8df0:   000000076bf0ef28 00007ff76e400a88
0x000070000b2f8e00:   00007ff76e400a90 00007ff76e400a98
0x000070000b2f8e10:   00007ff76e400aa0 0000000000000003
0x000070000b2f8e20:   00007ff771801000 0000000107537f78
0x000070000b2f8e30:   000070000b2f8f28 00007ff7718011f8
0x000070000b2f8e40:   000070000b2f8ea0 0000000104f51b2f
0x000070000b2f8e50:   000000010543aab0 00007fff9941cdb0
0x000070000b2f8e60:   0000000000000000 0000000107537f00
0x000070000b2f8e70:   00007ff771801000 00007ff771801000
0x000070000b2f8e80:   0000000107537f78 0000000000000000
0x000070000b2f8e90:   000070000b2f8f28 00007ff771801000
0x000070000b2f8ea0:   000070000b2f8f00 0000000108631a88
0x000070000b2f8eb0:   0000000107537d40 00000001086314c2
0x000070000b2f8ec0:   000070000b2f8ec0 0000000000000000
0x000070000b2f8ed0:   000070000b2f8f28 00000001075c9d68
0x000070000b2f8ee0:   0000000000000000 0000000107537f78
0x000070000b2f8ef0:   0000000000000000 000070000b2f8f20 

Instructions: (pc=0x0000000105137dd0)
0x0000000105137db0:   75 03 c6 01 2e 48 ff c1 48 ff c8 75 f0 48 89 d8
0x0000000105137dc0:   5b 41 5e 5d c3 90 55 48 89 e5 41 56 53 48 89 f3
0x0000000105137dd0:   0f b7 37 49 89 fe 49 83 c6 08 4c 89 f7 e8 a6 0e
0x0000000105137de0:   05 00 89 03 48 63 f8 48 01 ff 31 f6 e8 8b 77 fa 

Register to memory mapping:

RAX=0x00000000000003d8 is an unknown value
RBX=0x000070000b2f8d24 is pointing into the stack for thread: 0x00007ff771801000
RCX=0x00007ff76e4025d8 is an unknown value
RDX=0x0000000100000000 is an unknown value
RSP=0x000070000b2f8d00 is pointing into the stack for thread: 0x00007ff771801000
RBP=0x000070000b2f8d10 is pointing into the stack for thread: 0x00007ff771801000
RSI=0x000070000b2f8d24 is pointing into the stack for thread: 0x00007ff771801000
RDI=0x0006000900000006 is an unknown value
R8 =0x00000000003305b9 is an unknown value
R9 =0x00000000d88fbe90 is an unknown value
R10=0x0000000108631a5c is at code_begin+1596 in an Interpreter codelet
method entry point (kind = native)  [0x0000000108631420, 0x00000001086323e0]  4032 bytes
R11=0x00000001050e8867: throw_unsatisfied_link_error+0 in /Library/Java/JavaVirtualMachines/jdk1.8.0_181.jdk/Contents/Home/jre/lib/server/libjvm.dylib at 0x0000000104c00000
R12=0x00007ff76e400ab0 is an unknown value
R13={method} {0x0000000107929a88} 'main' '([Ljava/lang/String;)V' in 'com/App$'
R14=0x0000000000000000 is an unknown value
R15=0x00000007c00fbe98 is pointing into metadata


Stack: [0x000070000b1fa000,0x000070000b2fa000],  sp=0x000070000b2f8d00,  free space=1019k
Native frames: (J=compiled Java code, j=interpreted, Vv=VM code, C=native code)
V  [libjvm.dylib+0x537dd0]
V  [libjvm.dylib+0x538f51]
V  [libjvm.dylib+0x2f4f78]
V  [libjvm.dylib+0x2f527f]
V  [libjvm.dylib+0x351b2f]
j  java.lang.Throwable.getStackTraceElement(I)Ljava/lang/StackTraceElement;+0
j  java.lang.Throwable.getOurStackTrace()[Ljava/lang/StackTraceElement;+51
j  java.lang.Throwable.getStackTrace()[Ljava/lang/StackTraceElement;+1
v  ~StubRoutines::call_stub
V  [libjvm.dylib+0x2efcba]
V  [libjvm.dylib+0x326ff8]
V  [libjvm.dylib+0x317344]
C  [libjdwp.dylib+0x17daf]  invoker_doInvoke+0xc1a
C  [libjdwp.dylib+0x13ff0]  reportEvents+0x21b
C  [libjdwp.dylib+0x1434d]  event_callback+0x342
C  [libjdwp.dylib+0x1190d]  cbSingleStep+0xee
V  [libjvm.dylib+0x396cad]
V  [libjvm.dylib+0x398664]
V  [libjvm.dylib+0x2e902f]
j  com.App$.main([Ljava/lang/String;)V+12
j  com.App.main([Ljava/lang/String;)V+4
v  ~StubRoutines::call_stub
V  [libjvm.dylib+0x2efcba]
V  [libjvm.dylib+0x326c61]
V  [libjvm.dylib+0x31f9ed]
C  [java+0x38c6]  JavaMain+0x9c4
C  [libsystem_pthread.dylib+0x3661]  _pthread_body+0x154
C  [libsystem_pthread.dylib+0x350d]  _pthread_body+0x0
C  [libsystem_pthread.dylib+0x2bf9]  thread_start+0xd
C  0x0000000000000000

Java frames: (J=compiled Java code, j=interpreted, Vv=VM code)
j  java.lang.Throwable.getStackTraceElement(I)Ljava/lang/StackTraceElement;+0
j  java.lang.Throwable.getOurStackTrace()[Ljava/lang/StackTraceElement;+51
j  java.lang.Throwable.getStackTrace()[Ljava/lang/StackTraceElement;+1
v  ~StubRoutines::call_stub
j  com.App$.main([Ljava/lang/String;)V+12
j  com.App.main([Ljava/lang/String;)V+4
v  ~StubRoutines::call_stub

---------------  P R O C E S S  ---------------

Java Threads: ( => current thread )
  0x00007ff77100b800 JavaThread "Service Thread" daemon [_thread_blocked, id=42755, stack(0x000070000c6b9000,0x000070000c7b9000)]
  0x00007ff772843000 JavaThread "C1 CompilerThread3" daemon [_thread_blocked, id=43267, stack(0x000070000c5b6000,0x000070000c6b6000)]
  0x00007ff772842800 JavaThread "C2 CompilerThread2" daemon [_thread_blocked, id=16643, stack(0x000070000c4b3000,0x000070000c5b3000)]
  0x00007ff771810800 JavaThread "C2 CompilerThread1" daemon [_thread_blocked, id=17155, stack(0x000070000c3b0000,0x000070000c4b0000)]
  0x00007ff77000b000 JavaThread "C2 CompilerThread0" daemon [_thread_blocked, id=16387, stack(0x000070000c2ad000,0x000070000c3ad000)]
  0x00007ff770003000 JavaThread "JDWP Command Reader" daemon [_thread_in_native, id=15875, stack(0x000070000c1aa000,0x000070000c2aa000)]
  0x00007ff772823800 JavaThread "JDWP Event Helper Thread" daemon [_thread_blocked, id=17923, stack(0x000070000c0a7000,0x000070000c1a7000)]
  0x00007ff77280c800 JavaThread "JDWP Transport Listener: dt_socket" daemon [_thread_blocked, id=15367, stack(0x000070000bfa4000,0x000070000c0a4000)]
  0x00007ff77180d000 JavaThread "Signal Dispatcher" daemon [_thread_blocked, id=18443, stack(0x000070000bea1000,0x000070000bfa1000)]
  0x00007ff77200e800 JavaThread "Finalizer" daemon [_thread_blocked, id=13059, stack(0x000070000bd1b000,0x000070000be1b000)]
  0x00007ff771802800 JavaThread "Reference Handler" daemon [_thread_blocked, id=20227, stack(0x000070000bc18000,0x000070000bd18000)]
=>0x00007ff771801000 JavaThread "main" [_thread_in_vm, id=10243, stack(0x000070000b1fa000,0x000070000b2fa000)]

Other Threads:
  0x00007ff77280c000 VMThread [stack: 0x000070000bb15000,0x000070000bc15000] [id=12547]
  0x00007ff770019000 WatcherThread [stack: 0x000070000c7bc000,0x000070000c8bc000] [id=22019]

VM state:not at safepoint (normal execution)

VM Mutex/Monitor currently owned by a thread: None

Heap:
 PSYoungGen      total 76288K, used 21209K [0x000000076ab00000, 0x0000000770000000, 0x00000007c0000000)
  eden space 65536K, 32% used [0x000000076ab00000,0x000000076bfb65c8,0x000000076eb00000)
  from space 10752K, 0% used [0x000000076f580000,0x000000076f580000,0x0000000770000000)
  to   space 10752K, 0% used [0x000000076eb00000,0x000000076eb00000,0x000000076f580000)
 ParOldGen       total 175104K, used 0K [0x00000006c0000000, 0x00000006cab00000, 0x000000076ab00000)
  object space 175104K, 0% used [0x00000006c0000000,0x00000006c0000000,0x00000006cab00000)
 Metaspace       used 7296K, capacity 7896K, committed 8064K, reserved 1056768K
  class space    used 988K, capacity 1038K, committed 1152K, reserved 1048576K

Card table byte_map: [0x0000000105f74000,0x0000000106775000] byte_map_base: 0x0000000102974000

Marking Bits: (ParMarkBitMap*) 0x00000001054f9cd0
 Begin Bits: [0x0000000117611000, 0x000000011b611000)
 End Bits:   [0x000000011b611000, 0x000000011f611000)

Polling page: 0x0000000103ae8000

CodeCache: size=245760Kb used=1578Kb max_used=1578Kb free=244181Kb
 bounds [0x0000000108611000, 0x0000000108881000, 0x0000000117611000]
 total_blobs=517 nmethods=243 adapters=196
 compilation: enabled

Compilation events (10 events):
Event: 10356.676 Thread 0x00007ff772843000 nmethod 242 0x0000000108796b90 code [0x0000000108796d60, 0x00000001087971d8]
Event: 10356.676 Thread 0x00007ff772843000  238       3       jdk.internal.org.objectweb.asm.ByteVector::put12 (64 bytes)
Event: 10356.676 Thread 0x00007ff772843000 nmethod 238 0x00000001087973d0 code [0x0000000108797540, 0x00000001087977c8]
Event: 10356.676 Thread 0x00007ff772843000  236       3       java.lang.StringBuilder::<init> (7 bytes)
Event: 10356.676 Thread 0x00007ff772843000 nmethod 236 0x0000000108797950 code [0x0000000108797ac0, 0x0000000108797d70]
Event: 10356.676 Thread 0x00007ff772843000  228       3       java.lang.invoke.MethodType::makeImpl (66 bytes)
Event: 10356.677 Thread 0x00007ff772843000 nmethod 228 0x0000000108797e90 code [0x0000000108798080, 0x0000000108798928]
Event: 10356.677 Thread 0x00007ff772843000  229       3       java.lang.invoke.MethodType::<init> (15 bytes)
Event: 10356.677 Thread 0x00007ff772843000 nmethod 229 0x0000000108798c90 code [0x0000000108798e00, 0x0000000108798ff0]
Event: 10356.677 Thread 0x00007ff772843000  230       3       java.lang.invoke.MethodType$ConcurrentWeakInternSet::get (54 bytes)

GC Heap History (0 events):
No events

Deoptimization events (0 events):
No events

Classes redefined (2 events):
Event: 5755.421 Thread 0x00007ff77280c000 redefined class name=com.App, count=1
Event: 5755.422 Thread 0x00007ff77280c000 redefined class name=com.App$, count=1

Internal exceptions (4 events):
Event: 0.036 Thread 0x00007ff771801000 Exception <a 'java/lang/NoSuchMethodError': Method sun.misc.Unsafe.defineClass(Ljava/lang/String;[BII)Ljava/lang/Class; name or signature does not match> (0x000000076ab07cb0) thrown at [/Users/java_re/workspace/8-2-build-macosx-x86_64/jdk8u181/11358/hotsp
Event: 0.036 Thread 0x00007ff771801000 Exception <a 'java/lang/NoSuchMethodError': Method sun.misc.Unsafe.prefetchRead(Ljava/lang/Object;J)V name or signature does not match> (0x000000076ab07f98) thrown at [/Users/java_re/workspace/8-2-build-macosx-x86_64/jdk8u181/11358/hotspot/src/share/vm/pr
Event: 107.367 Thread 0x00007ff771801000 Exception <a 'java/lang/NoSuchFieldError': method resolution failed> (0x000000076b712058) thrown at [/Users/java_re/workspace/8-2-build-macosx-x86_64/jdk8u181/11358/hotspot/src/share/vm/prims/methodHandles.cpp, line 1167]
Event: 107.375 Thread 0x00007ff771801000 Exception <a 'java/lang/NoSuchFieldError': method resolution failed> (0x000000076b7202d0) thrown at [/Users/java_re/workspace/8-2-build-macosx-x86_64/jdk8u181/11358/hotspot/src/share/vm/prims/methodHandles.cpp, line 1167]

Events (10 events):
Event: 10356.664 loading class scala/StringContext
Event: 10356.664 loading class scala/StringContext done
Event: 10356.665 Executing VM operation: ForceSafepoint
Event: 10356.665 Executing VM operation: ForceSafepoint done
Event: 10356.667 Executing VM operation: ForceSafepoint
Event: 10356.667 Executing VM operation: ForceSafepoint done
Event: 10356.672 loading class scala/Function1
Event: 10356.672 loading class scala/Function1 done
Event: 10356.674 Executing VM operation: ForceSafepoint
Event: 10356.674 Executing VM operation: ForceSafepoint done


Dynamic libraries:
0x00007fff382bb000 	/System/Library/Frameworks/Cocoa.framework/Versions/A/Cocoa
0x00007fff448d5000 	/System/Library/Frameworks/Security.framework/Versions/A/Security
0x00007fff36efd000 	/System/Library/Frameworks/ApplicationServices.framework/Versions/A/ApplicationServices
0x00007fff6072c000 	/usr/lib/libz.1.dylib
0x00007fff5e65d000 	/usr/lib/libSystem.B.dylib
0x00007fff5fd16000 	/usr/lib/libobjc.A.dylib
0x00007fff38a6e000 	/System/Library/Frameworks/CoreFoundation.framework/Versions/A/CoreFoundation
0x00007fff3abcf000 	/System/Library/Frameworks/Foundation.framework/Versions/C/Foundation
0x00007fff3604d000 	/System/Library/Frameworks/AppKit.framework/Versions/C/AppKit
0x00007fff38633000 	/System/Library/Frameworks/CoreData.framework/Versions/A/CoreData
0x00007fff57f9d000 	/System/Library/PrivateFrameworks/RemoteViewServices.framework/Versions/A/RemoteViewServices
0x00007fff5c702000 	/System/Library/PrivateFrameworks/UIFoundation.framework/Versions/A/UIFoundation
0x00007fff4cd9d000 	/System/Library/PrivateFrameworks/DFRFoundation.framework/Versions/A/DFRFoundation
0x00007fff3d23b000 	/System/Library/Frameworks/Metal.framework/Versions/A/Metal
0x00007fff4cf3a000 	/System/Library/PrivateFrameworks/DesktopServicesPriv.framework/Versions/A/DesktopServicesPriv
0x00007fff5f263000 	/usr/lib/libenergytrace.dylib
0x00007fff5a76d000 	/System/Library/PrivateFrameworks/SkyLight.framework/Versions/A/SkyLight
0x00007fff38f11000 	/System/Library/Frameworks/CoreGraphics.framework/Versions/A/CoreGraphics
0x00007fff5e658000 	/usr/lib/libScreenReader.dylib
0x00007fff34fe7000 	/System/Library/Frameworks/Accelerate.framework/Versions/A/Accelerate
0x00007fff3b349000 	/System/Library/Frameworks/IOSurface.framework/Versions/A/IOSurface
0x00007fff37447000 	/System/Library/Frameworks/AudioToolbox.framework/Versions/A/AudioToolbox
0x00007fff376d7000 	/System/Library/Frameworks/AudioUnit.framework/Versions/A/AudioUnit
0x00007fff4ce35000 	/System/Library/PrivateFrameworks/DataDetectorsCore.framework/Versions/A/DataDetectorsCore
0x00007fff37dae000 	/System/Library/Frameworks/Carbon.framework/Versions/A/Frameworks/HIToolbox.framework/Versions/A/HIToolbox
0x00007fff5f3bd000 	/usr/lib/libicucore.A.dylib
0x00007fff43e53000 	/System/Library/Frameworks/QuartzCore.framework/Versions/A/QuartzCore
0x00007fff59a24000 	/System/Library/PrivateFrameworks/SignpostNotification.framework/Versions/A/SignpostNotification
0x00007fff38194000 	/System/Library/Frameworks/Carbon.framework/Versions/A/Frameworks/SpeechRecognition.framework/Versions/A/SpeechRecognition
0x00007fff5e7b9000 	/usr/lib/libauto.dylib
0x00007fff6061b000 	/usr/lib/libxml2.2.dylib
0x00007fff4c9ee000 	/System/Library/PrivateFrameworks/CoreUI.framework/Versions/A/CoreUI
0x00007fff3850f000 	/System/Library/Frameworks/CoreAudio.framework/Versions/A/CoreAudio
0x00007fff3aa09000 	/System/Library/Frameworks/DiskArbitration.framework/Versions/A/DiskArbitration
0x00007fff5f631000 	/usr/lib/liblangid.dylib
0x00007fff544a7000 	/System/Library/PrivateFrameworks/MultitouchSupport.framework/Versions/A/MultitouchSupport
0x00007fff3b2ac000 	/System/Library/Frameworks/IOKit.framework/Versions/A/IOKit
0x00007fff5e2e7000 	/usr/lib/libDiagnosticMessagesClient.dylib
0x00007fff39be7000 	/System/Library/Frameworks/CoreServices.framework/Versions/A/CoreServices
0x00007fff55fd9000 	/System/Library/PrivateFrameworks/PerformanceAnalysis.framework/Versions/A/PerformanceAnalysis
0x00007fff42ff5000 	/System/Library/Frameworks/OpenGL.framework/Versions/A/OpenGL
0x00007fff382c9000 	/System/Library/Frameworks/ColorSync.framework/Versions/A/ColorSync
0x00007fff39523000 	/System/Library/Frameworks/CoreImage.framework/Versions/A/CoreImage
0x00007fff3a577000 	/System/Library/Frameworks/CoreText.framework/Versions/A/CoreText
0x00007fff3b3a7000 	/System/Library/Frameworks/ImageIO.framework/Versions/A/ImageIO
0x00007fff496e5000 	/System/Library/PrivateFrameworks/Backup.framework/Versions/A/Backup
0x00007fff5e709000 	/usr/lib/libarchive.2.dylib
0x00007fff379fa000 	/System/Library/Frameworks/CFNetwork.framework/Versions/A/CFNetwork
0x00007fff45068000 	/System/Library/Frameworks/SystemConfiguration.framework/Versions/A/SystemConfiguration
0x00007fff5e210000 	/usr/lib/libCRFSuite.dylib
0x00007fff5e892000 	/usr/lib/libc++.1.dylib
0x00007fff5e8e9000 	/usr/lib/libc++abi.dylib
0x00007fff607da000 	/usr/lib/system/libcache.dylib
0x00007fff607df000 	/usr/lib/system/libcommonCrypto.dylib
0x00007fff607ea000 	/usr/lib/system/libcompiler_rt.dylib
0x00007fff607f2000 	/usr/lib/system/libcopyfile.dylib
0x00007fff607fc000 	/usr/lib/system/libcorecrypto.dylib
0x00007fff60909000 	/usr/lib/system/libdispatch.dylib
0x00007fff60943000 	/usr/lib/system/libdyld.dylib
0x00007fff60961000 	/usr/lib/system/libkeymgr.dylib
0x00007fff6096f000 	/usr/lib/system/liblaunch.dylib
0x00007fff60970000 	/usr/lib/system/libmacho.dylib
0x00007fff60975000 	/usr/lib/system/libquarantine.dylib
0x00007fff60978000 	/usr/lib/system/libremovefile.dylib
0x00007fff6097a000 	/usr/lib/system/libsystem_asl.dylib
0x00007fff60992000 	/usr/lib/system/libsystem_blocks.dylib
0x00007fff60993000 	/usr/lib/system/libsystem_c.dylib
0x00007fff60a1d000 	/usr/lib/system/libsystem_configuration.dylib
0x00007fff60a21000 	/usr/lib/system/libsystem_coreservices.dylib
0x00007fff60a25000 	/usr/lib/system/libsystem_darwin.dylib
0x00007fff60a27000 	/usr/lib/system/libsystem_dnssd.dylib
0x00007fff60a2e000 	/usr/lib/system/libsystem_info.dylib
0x00007fff60a9f000 	/usr/lib/system/libsystem_m.dylib
0x00007fff60aeb000 	/usr/lib/system/libsystem_malloc.dylib
0x00007fff60b0b000 	/usr/lib/system/libsystem_network.dylib
0x00007fff60c3c000 	/usr/lib/system/libsystem_networkextension.dylib
0x00007fff60c47000 	/usr/lib/system/libsystem_notify.dylib
0x00007fff60c65000 	/usr/lib/system/libsystem_sandbox.dylib
0x00007fff60c69000 	/usr/lib/system/libsystem_secinit.dylib
0x00007fff60a78000 	/usr/lib/system/libsystem_kernel.dylib
0x00007fff60c51000 	/usr/lib/system/libsystem_platform.dylib
0x00007fff60c59000 	/usr/lib/system/libsystem_pthread.dylib
0x00007fff60c6b000 	/usr/lib/system/libsystem_symptoms.dylib
0x00007fff60c73000 	/usr/lib/system/libsystem_trace.dylib
0x00007fff60c88000 	/usr/lib/system/libunwind.dylib
0x00007fff60c8e000 	/usr/lib/system/libxpc.dylib
0x00007fff5e123000 	/usr/lib/closure/libclosured.dylib
0x00007fff5e873000 	/usr/lib/libbsm.0.dylib
0x00007fff60962000 	/usr/lib/system/libkxld.dylib
0x00007fff5e521000 	/usr/lib/libOpenScriptingUtil.dylib
0x00007fff5ebe2000 	/usr/lib/libcoretls.dylib
0x00007fff5ebfb000 	/usr/lib/libcoretls_cfhelpers.dylib
0x00007fff60117000 	/usr/lib/libpam.2.dylib
0x00007fff6023e000 	/usr/lib/libsqlite3.dylib
0x00007fff6060a000 	/usr/lib/libxar.1.dylib
0x00007fff5e884000 	/usr/lib/libbz2.1.0.dylib
0x00007fff5f633000 	/usr/lib/liblzma.5.dylib
0x00007fff5fb14000 	/usr/lib/libnetwork.dylib
0x00007fff5e6f2000 	/usr/lib/libapple_nghttp2.dylib
0x00007fff6011e000 	/usr/lib/libpcap.A.dylib
0x00007fff5e7ba000 	/usr/lib/libboringssl.dylib
0x00007fff605a5000 	/usr/lib/libusrtcp.dylib
0x00007fff5e6f1000 	/usr/lib/libapple_crypto.dylib
0x00007fff39f6a000 	/System/Library/Frameworks/CoreServices.framework/Versions/A/Frameworks/FSEvents.framework/Versions/A/FSEvents
0x00007fff39c5d000 	/System/Library/Frameworks/CoreServices.framework/Versions/A/Frameworks/CarbonCore.framework/Versions/A/CarbonCore
0x00007fff3a131000 	/System/Library/Frameworks/CoreServices.framework/Versions/A/Frameworks/Metadata.framework/Versions/A/Metadata
0x00007fff3a1e2000 	/System/Library/Frameworks/CoreServices.framework/Versions/A/Frameworks/OSServices.framework/Versions/A/OSServices
0x00007fff3a243000 	/System/Library/Frameworks/CoreServices.framework/Versions/A/Frameworks/SearchKit.framework/Versions/A/SearchKit
0x00007fff39be8000 	/System/Library/Frameworks/CoreServices.framework/Versions/A/Frameworks/AE.framework/Versions/A/AE
0x00007fff39f73000 	/System/Library/Frameworks/CoreServices.framework/Versions/A/Frameworks/LaunchServices.framework/Versions/A/LaunchServices
0x00007fff39f35000 	/System/Library/Frameworks/CoreServices.framework/Versions/A/Frameworks/DictionaryServices.framework/Versions/A/DictionaryServices
0x00007fff3a2b2000 	/System/Library/Frameworks/CoreServices.framework/Versions/A/Frameworks/SharedFileList.framework/Versions/A/SharedFileList
0x00007fff3e471000 	/System/Library/Frameworks/NetFS.framework/Versions/A/NetFS
0x00007fff54738000 	/System/Library/PrivateFrameworks/NetAuth.framework/Versions/A/NetAuth
0x00007fff5dfba000 	/System/Library/PrivateFrameworks/login.framework/Versions/A/Frameworks/loginsupport.framework/Versions/A/loginsupport
0x00007fff5c37f000 	/System/Library/PrivateFrameworks/TCC.framework/Versions/A/TCC
0x00007fff5f714000 	/usr/lib/libmecabra.dylib
0x00007fff36efe000 	/System/Library/Frameworks/ApplicationServices.framework/Versions/A/Frameworks/ATS.framework/Versions/A/ATS
0x00007fff372ac000 	/System/Library/Frameworks/ApplicationServices.framework/Versions/A/Frameworks/ColorSyncLegacy.framework/Versions/A/ColorSyncLegacy
0x00007fff37350000 	/System/Library/Frameworks/ApplicationServices.framework/Versions/A/Frameworks/HIServices.framework/Versions/A/HIServices
0x00007fff373a3000 	/System/Library/Frameworks/ApplicationServices.framework/Versions/A/Frameworks/LangAnalysis.framework/Versions/A/LangAnalysis
0x00007fff373b2000 	/System/Library/Frameworks/ApplicationServices.framework/Versions/A/Frameworks/PrintCore.framework/Versions/A/PrintCore
0x00007fff373ff000 	/System/Library/Frameworks/ApplicationServices.framework/Versions/A/Frameworks/QD.framework/Versions/A/QD
0x00007fff3743a000 	/System/Library/Frameworks/ApplicationServices.framework/Versions/A/Frameworks/SpeechSynthesis.framework/Versions/A/SpeechSynthesis
0x00007fff3898a000 	/System/Library/Frameworks/CoreDisplay.framework/Versions/A/CoreDisplay
0x00007fff34fff000 	/System/Library/Frameworks/Accelerate.framework/Versions/A/Frameworks/vImage.framework/Versions/A/vImage
0x00007fff35d59000 	/System/Library/Frameworks/Accelerate.framework/Versions/A/Frameworks/vecLib.framework/Versions/A/vecLib
0x00007fff35af9000 	/System/Library/Frameworks/Accelerate.framework/Versions/A/Frameworks/vecLib.framework/Versions/A/libvDSP.dylib
0x00007fff35659000 	/System/Library/Frameworks/Accelerate.framework/Versions/A/Frameworks/vecLib.framework/Versions/A/libBNNS.dylib
0x00007fff35a5e000 	/System/Library/Frameworks/Accelerate.framework/Versions/A/Frameworks/vecLib.framework/Versions/A/libQuadrature.dylib
0x00007fff35ca7000 	/System/Library/Frameworks/Accelerate.framework/Versions/A/Frameworks/vecLib.framework/Versions/A/libvMisc.dylib
0x00007fff35688000 	/System/Library/Frameworks/Accelerate.framework/Versions/A/Frameworks/vecLib.framework/Versions/A/libLAPACK.dylib
0x00007fff354fe000 	/System/Library/Frameworks/Accelerate.framework/Versions/A/Frameworks/vecLib.framework/Versions/A/libBLAS.dylib
0x00007fff35a48000 	/System/Library/Frameworks/Accelerate.framework/Versions/A/Frameworks/vecLib.framework/Versions/A/libLinearAlgebra.dylib
0x00007fff35a64000 	/System/Library/Frameworks/Accelerate.framework/Versions/A/Frameworks/vecLib.framework/Versions/A/libSparse.dylib
0x00007fff35ae5000 	/System/Library/Frameworks/Accelerate.framework/Versions/A/Frameworks/vecLib.framework/Versions/A/libSparseBLAS.dylib
0x00007fff51579000 	/System/Library/PrivateFrameworks/GPUWrangler.framework/Versions/A/GPUWrangler
0x00007fff52d0a000 	/System/Library/PrivateFrameworks/IOAccelerator.framework/Versions/A/IOAccelerator
0x00007fff52d15000 	/System/Library/PrivateFrameworks/IOPresentment.framework/Versions/A/IOPresentment
0x00007fff4cdaf000 	/System/Library/PrivateFrameworks/DSExternalDisplay.framework/Versions/A/DSExternalDisplay
0x00007fff42474000 	/System/Library/Frameworks/OpenGL.framework/Versions/A/Libraries/libCoreFSCache.dylib
0x00007fff3a6c8000 	/System/Library/Frameworks/CoreVideo.framework/Versions/A/CoreVideo
0x00007fff522f4000 	/System/Library/PrivateFrameworks/GraphVisualizer.framework/Versions/A/GraphVisualizer
0x00007fff3d472000 	/System/Library/Frameworks/MetalPerformanceShaders.framework/Versions/A/MetalPerformanceShaders
0x00007fff5e31f000 	/usr/lib/libFosl_dynamic.dylib
0x00007fff4de83000 	/System/Library/PrivateFrameworks/FaceCore.framework/Versions/A/FaceCore
0x00007fff4126f000 	/System/Library/Frameworks/OpenCL.framework/Versions/A/OpenCL
0x00007fff5e920000 	/usr/lib/libcompression.dylib
0x00007fff36ffd000 	/System/Library/Frameworks/ApplicationServices.framework/Versions/A/Frameworks/ATS.framework/Versions/A/Resources/libFontParser.dylib
0x00007fff37120000 	/System/Library/Frameworks/ApplicationServices.framework/Versions/A/Frameworks/ATS.framework/Versions/A/Resources/libFontRegistry.dylib
0x00007fff3b60f000 	/System/Library/Frameworks/ImageIO.framework/Versions/A/Resources/libJPEG.dylib
0x00007fff3b938000 	/System/Library/Frameworks/ImageIO.framework/Versions/A/Resources/libTIFF.dylib
0x00007fff3b90e000 	/System/Library/Frameworks/ImageIO.framework/Versions/A/Resources/libPng.dylib
0x00007fff3b522000 	/System/Library/Frameworks/ImageIO.framework/Versions/A/Resources/libGIF.dylib
0x00007fff3b527000 	/System/Library/Frameworks/ImageIO.framework/Versions/A/Resources/libJP2.dylib
0x00007fff3b935000 	/System/Library/Frameworks/ImageIO.framework/Versions/A/Resources/libRadiance.dylib
0x00007fff48e10000 	/System/Library/PrivateFrameworks/AppleJPEG.framework/Versions/A/AppleJPEG
0x00007fff3d2d9000 	/System/Library/Frameworks/MetalPerformanceShaders.framework/Frameworks/MPSCore.framework/Versions/A/MPSCore
0x00007fff3d2f5000 	/System/Library/Frameworks/MetalPerformanceShaders.framework/Frameworks/MPSImage.framework/Versions/A/MPSImage
0x00007fff3d38a000 	/System/Library/Frameworks/MetalPerformanceShaders.framework/Frameworks/MPSNeuralNetwork.framework/Versions/A/MPSNeuralNetwork
0x00007fff3d365000 	/System/Library/Frameworks/MetalPerformanceShaders.framework/Frameworks/MPSMatrix.framework/Versions/A/MPSMatrix
0x00007fff5420b000 	/System/Library/PrivateFrameworks/MetalTools.framework/Versions/A/MetalTools
0x00007fff4263f000 	/System/Library/Frameworks/OpenGL.framework/Versions/A/Libraries/libGLU.dylib
0x00007fff4247f000 	/System/Library/Frameworks/OpenGL.framework/Versions/A/Libraries/libGFXShared.dylib
0x00007fff42489000 	/System/Library/Frameworks/OpenGL.framework/Versions/A/Libraries/libGL.dylib
0x00007fff42495000 	/System/Library/Frameworks/OpenGL.framework/Versions/A/Libraries/libGLImage.dylib
0x00007fff42471000 	/System/Library/Frameworks/OpenGL.framework/Versions/A/Libraries/libCVMSPluginSupport.dylib
0x00007fff4247a000 	/System/Library/Frameworks/OpenGL.framework/Versions/A/Libraries/libCoreVMClient.dylib
0x00007fff5f0cd000 	/usr/lib/libcups.2.dylib
0x00007fff3c840000 	/System/Library/Frameworks/Kerberos.framework/Versions/A/Kerberos
0x00007fff3b006000 	/System/Library/Frameworks/GSS.framework/Versions/A/GSS
0x00007fff601d1000 	/usr/lib/libresolv.9.dylib
0x00007fff5f2cb000 	/usr/lib/libiconv.2.dylib
0x00007fff52386000 	/System/Library/PrivateFrameworks/Heimdal.framework/Versions/A/Heimdal
0x00007fff5f29a000 	/usr/lib/libheimdal-asn1.dylib
0x00007fff412e7000 	/System/Library/Frameworks/OpenDirectory.framework/Versions/A/OpenDirectory
0x00007fff4b126000 	/System/Library/PrivateFrameworks/CommonAuth.framework/Versions/A/CommonAuth
0x00007fff412ca000 	/System/Library/Frameworks/OpenDirectory.framework/Versions/A/Frameworks/CFOpenDirectory.framework/Versions/A/CFOpenDirectory
0x00007fff44c01000 	/System/Library/Frameworks/SecurityFoundation.framework/Versions/A/SecurityFoundation
0x00007fff47fd5000 	/System/Library/PrivateFrameworks/APFS.framework/Versions/A/APFS
0x00007fff60606000 	/usr/lib/libutil.dylib
0x00007fff48e93000 	/System/Library/PrivateFrameworks/AppleSauce.framework/Versions/A/AppleSauce
0x00007fff534f2000 	/System/Library/PrivateFrameworks/LinguisticData.framework/Versions/A/LinguisticData
0x00007fff5f64d000 	/usr/lib/libmarisa.dylib
0x00007fff534ac000 	/System/Library/PrivateFrameworks/Lexicon.framework/Versions/A/Lexicon
0x00007fff5e24a000 	/usr/lib/libChineseTokenizer.dylib
0x00007fff5e90f000 	/usr/lib/libcmph.dylib
0x00007fff533b6000 	/System/Library/PrivateFrameworks/LanguageModeling.framework/Versions/A/LanguageModeling
0x00007fff4bc35000 	/System/Library/PrivateFrameworks/CoreEmoji.framework/Versions/A/CoreEmoji
0x00007fff44cbf000 	/System/Library/Frameworks/ServiceManagement.framework/Versions/A/ServiceManagement
0x00007fff496dd000 	/System/Library/PrivateFrameworks/BackgroundTaskManagement.framework/Versions/A/BackgroundTaskManagement
0x00007fff60703000 	/usr/lib/libxslt.1.dylib
0x00007fff380be000 	/System/Library/Frameworks/Carbon.framework/Versions/A/Frameworks/Ink.framework/Versions/A/Ink
0x00007fff5c594000 	/System/Library/PrivateFrameworks/TextureIO.framework/Versions/A/TextureIO
0x00007fff5e734000 	/usr/lib/libate.dylib
0x00007fff4cd0f000 	/System/Library/PrivateFrameworks/CrashReporterSupport.framework/Versions/A/CrashReporterSupport
0x00007fff598e4000 	/System/Library/PrivateFrameworks/Sharing.framework/Versions/A/Sharing
0x00007fff530f7000 	/System/Library/PrivateFrameworks/IconServices.framework/Versions/A/IconServices
0x00007fff4930d000 	/System/Library/PrivateFrameworks/AuthKit.framework/Versions/A/AuthKit
0x00007fff48c93000 	/System/Library/PrivateFrameworks/Apple80211.framework/Versions/A/Apple80211
0x00007fff4cb24000 	/System/Library/PrivateFrameworks/CoreUtils.framework/Versions/A/CoreUtils
0x00007fff3a703000 	/System/Library/Frameworks/CoreWLAN.framework/Versions/A/CoreWLAN
0x00007fff3b148000 	/System/Library/Frameworks/IOBluetooth.framework/Versions/A/IOBluetooth
0x00007fff57da8000 	/System/Library/PrivateFrameworks/ProtocolBuffer.framework/Versions/A/ProtocolBuffer
0x00007fff54402000 	/System/Library/PrivateFrameworks/MobileKeyBag.framework/Versions/A/MobileKeyBag
0x00007fff4c3d9000 	/System/Library/PrivateFrameworks/CorePhoneNumbers.framework/Versions/A/CorePhoneNumbers
0x00007fff48dcb000 	/System/Library/PrivateFrameworks/AppleIDAuthSupport.framework/Versions/A/AppleIDAuthSupport
0x00007fff533a2000 	/System/Library/PrivateFrameworks/KeychainCircle.framework/Versions/A/KeychainCircle
0x00007fff4ccaa000 	/System/Library/PrivateFrameworks/CoreWiFi.framework/Versions/A/CoreWiFi
0x00007fff38609000 	/System/Library/Frameworks/CoreBluetooth.framework/Versions/A/CoreBluetooth
0x00007fff4cef9000 	/System/Library/PrivateFrameworks/DebugSymbols.framework/Versions/A/DebugSymbols
0x00007fff4c8da000 	/System/Library/PrivateFrameworks/CoreSymbolication.framework/Versions/A/CoreSymbolication
0x00007fff5bd85000 	/System/Library/PrivateFrameworks/Symbolication.framework/Versions/A/Symbolication
0x00007fff48cbd000 	/System/Library/PrivateFrameworks/AppleFSCompression.framework/Versions/A/AppleFSCompression
0x00007fff5b1d2000 	/System/Library/PrivateFrameworks/SpeechRecognitionCore.framework/Versions/A/SpeechRecognitionCore
0x0000000104c00000 	/Library/Java/JavaVirtualMachines/jdk1.8.0_181.jdk/Contents/Home/jre/lib/server/libjvm.dylib
0x00007fff604d3000 	/usr/lib/libstdc++.6.0.9.dylib
0x0000000103aa4000 	/Library/Java/JavaVirtualMachines/jdk1.8.0_181.jdk/Contents/Home/jre/lib/libverify.dylib
0x0000000103ab2000 	/Library/Java/JavaVirtualMachines/jdk1.8.0_181.jdk/Contents/Home/jre/lib/libjava.dylib
0x0000000103ae9000 	/Library/Java/JavaVirtualMachines/jdk1.8.0_181.jdk/Contents/Home/jre/lib/libjdwp.dylib
0x0000000103b34000 	/Library/Java/JavaVirtualMachines/jdk1.8.0_181.jdk/Contents/Home/jre/lib/libnpt.dylib
0x0000000103b38000 	/Library/Java/JavaVirtualMachines/jdk1.8.0_181.jdk/Contents/Home/jre/lib/libinstrument.dylib
0x0000000103bd6000 	/Library/Java/JavaVirtualMachines/jdk1.8.0_181.jdk/Contents/Home/jre/lib/libzip.dylib
0x000000010856b000 	/Library/Java/JavaVirtualMachines/jdk1.8.0_181.jdk/Contents/Home/jre/lib/libdt_socket.dylib

VM Arguments:
jvm_args: -agentlib:jdwp=transport=dt_socket,address=127.0.0.1:65396,suspend=y,server=n -javaagent:/Users/nag-training/Library/Caches/IdeaIC2018.2/captureAgent/debugger-agent.jar=file:/private/var/folders/_6/96hmlfj13gng1bbts65g7mkr0000gq/T/capture.props -Dfile.encoding=UTF-8 
java_command: com.App
java_class_path (initial): /Library/Java/JavaVirtualMachines/jdk1.8.0_181.jdk/Contents/Home/jre/lib/charsets.jar:/Library/Java/JavaVirtualMachines/jdk1.8.0_181.jdk/Contents/Home/jre/lib/deploy.jar:/Library/Java/JavaVirtualMachines/jdk1.8.0_181.jdk/Contents/Home/jre/lib/ext/cldrdata.jar:/Library/Java/JavaVirtualMachines/jdk1.8.0_181.jdk/Contents/Home/jre/lib/ext/dnsns.jar:/Library/Java/JavaVirtualMachines/jdk1.8.0_181.jdk/Contents/Home/jre/lib/ext/jaccess.jar:/Library/Java/JavaVirtualMachines/jdk1.8.0_181.jdk/Contents/Home/jre/lib/ext/jfxrt.jar:/Library/Java/JavaVirtualMachines/jdk1.8.0_181.jdk/Contents/Home/jre/lib/ext/localedata.jar:/Library/Java/JavaVirtualMachines/jdk1.8.0_181.jdk/Contents/Home/jre/lib/ext/nashorn.jar:/Library/Java/JavaVirtualMachines/jdk1.8.0_181.jdk/Contents/Home/jre/lib/ext/sunec.jar:/Library/Java/JavaVirtualMachines/jdk1.8.0_181.jdk/Contents/Home/jre/lib/ext/sunjce_provider.jar:/Library/Java/JavaVirtualMachines/jdk1.8.0_181.jdk/Contents/Home/jre/lib/ext/sunpkcs11.jar:/Library/Java/JavaVirtualMachines/jdk1.8.0_181.jdk/Contents/Home/jre/lib/ext/zipfs.jar:/Library/Java/JavaVirtualMachines/jdk1.8.0_181.jdk/Contents/Home/jre/lib/javaws.jar:/Library/Java/JavaVirtualMachines/jdk1.8.0_181.jdk/Contents/Home/jre/lib/jce.jar:/Library/Java/JavaVirtualMachines/jdk1.8.0_181.jdk/Contents/Home/jre/lib/jfr.jar:/Library/Java/JavaVirtualMachines/jdk1.8.0_181.jdk/Contents/Home/jre/lib/jfxswt.jar:/Library/Java/JavaVirtualMachines/jdk1.8.0_181.jdk/Contents/Home/jre/lib/jsse.jar:/Library/Java/JavaVirtualMachines/jdk1.8.0_181.jdk/Contents/Home/jre/lib/management-agent.jar:/Library/Java/JavaVirtualMachines/jdk1.8.0_181.jdk/Contents/Home/jre/lib/plugin.jar:/Library/Java/JavaVirtualMachines/jdk1.8.0_181.jdk/Contents/Home/jre/lib/resources.jar:/Library/Java/JavaVirtualMachines/jdk1.8.0_181.jdk/Contents/Home/jre/lib/rt.jar:/Library/Java/JavaVirtualMachines/jdk1.8.0_181.jdk/Contents/Home/lib/ant-javafx.jar:/Library/Java/JavaVirtualMachines/jdk1.8.0_181.jdk/Contents/Home
Launcher Type: SUN_STANDARD

Environment Variables:
PATH=/usr/local/bin:/usr/bin:/bin:/usr/sbin:/sbin:/Users/nagabhushanamn/mongodb/bin:/Applications/VMware Fusion.app/Contents/Public
SHELL=/bin/bash

Signal Handlers:
SIGSEGV: [libjvm.dylib+0x5b6029], sa_mask[0]=11111111011111110111111111111111, sa_flags=SA_ONSTACK|SA_RESTART|SA_SIGINFO
SIGBUS: [libjvm.dylib+0x5b6029], sa_mask[0]=11111111011111110111111111111111, sa_flags=SA_RESTART|SA_SIGINFO
SIGFPE: [libjvm.dylib+0x48b934], sa_mask[0]=11111111011111110111111111111111, sa_flags=SA_RESTART|SA_SIGINFO
SIGPIPE: [libjvm.dylib+0x48b934], sa_mask[0]=11111111011111110111111111111111, sa_flags=SA_RESTART|SA_SIGINFO
SIGXFSZ: [libjvm.dylib+0x48b934], sa_mask[0]=11111111011111110111111111111111, sa_flags=SA_RESTART|SA_SIGINFO
SIGILL: [libjvm.dylib+0x48b934], sa_mask[0]=11111111011111110111111111111111, sa_flags=SA_RESTART|SA_SIGINFO
SIGUSR1: SIG_DFL, sa_mask[0]=00000000000000000000000000000000, sa_flags=none
SIGUSR2: [libjvm.dylib+0x48b452], sa_mask[0]=00100000000000000000000000000000, sa_flags=SA_RESTART|SA_SIGINFO
SIGHUP: [libjvm.dylib+0x489a1d], sa_mask[0]=11111111011111110111111111111111, sa_flags=SA_RESTART|SA_SIGINFO
SIGINT: [libjvm.dylib+0x489a1d], sa_mask[0]=11111111011111110111111111111111, sa_flags=SA_RESTART|SA_SIGINFO
SIGTERM: [libjvm.dylib+0x489a1d], sa_mask[0]=11111111011111110111111111111111, sa_flags=SA_RESTART|SA_SIGINFO
SIGQUIT: [libjvm.dylib+0x489a1d], sa_mask[0]=11111111011111110111111111111111, sa_flags=SA_RESTART|SA_SIGINFO


---------------  S Y S T E M  ---------------

OS:Bsduname:Darwin 17.7.0 Darwin Kernel Version 17.7.0: Thu Jun 21 22:53:14 PDT 2018; root:xnu-4570.71.2~1/RELEASE_X86_64 x86_64
rlimit: STACK 8192k, CORE 0k, NPROC 1418, NOFILE 10240, AS infinity
load average:3.53 3.52 3.41

CPU:total 8 (initial active 8) (4 cores per cpu, 2 threads per core) family 6 model 70 stepping 1, cmov, cx8, fxsr, mmx, sse, sse2, sse3, ssse3, sse4.1, sse4.2, popcnt, avx, avx2, aes, clmul, erms, lzcnt, ht, tsc, tscinvbit, bmi1, bmi2

Memory: 4k page, physical 16777216k(423108k free)

/proc/meminfo:


vm_info: Java HotSpot(TM) 64-Bit Server VM (25.181-b13) for bsd-amd64 JRE (1.8.0_181-b13), built on Jul  7 2018 01:02:31 by "java_re" with gcc 4.2.1 (Based on Apple Inc. build 5658) (LLVM build 2336.11.00)

time: Mon Oct 15 00:00:43 2018
elapsed time: 10356 seconds (0d 2h 52m 36s)

